[2014-05-16 18:18:22] START
[2014-05-16 18:24:28] EDIT knowledge_base/models/db.py: 13
[2014-05-16 18:25:34] EDIT knowledge_base/models/db.py: -1
[2014-05-16 18:26:03] EDIT knowledge_base/models/db.py: 0
[2014-05-16 18:26:43] EDIT knowledge_base/controllers/default.py: 3
[2014-05-16 18:26:47] EDIT knowledge_base/controllers/default.py: 0
[2014-05-16 18:27:15] CREATE default/add_article.html: 0
[2014-05-16 18:28:07] EDIT knowledge_base/views/default/add_article.html: 0
[2014-05-16 18:28:32] EDIT knowledge_base/views/default/add_article.html: 0
[2014-05-16 18:29:14] EDIT knowledge_base/models/db.py: 0
[2014-05-16 18:29:24] EDIT knowledge_base/models/db.py: 0
[2014-05-16 18:29:39] EDIT knowledge_base/models/db.py: 0
[2014-05-16 18:30:52] EDIT knowledge_base/controllers/default.py: 3
[2014-05-16 18:31:07] CREATE default/view_articles.html: 0
[2014-05-16 18:31:31] EDIT knowledge_base/views/default/view_articles.html: 0
[2014-05-16 18:31:59] EDIT knowledge_base/controllers/default.py: 0
[2014-05-16 18:32:31] EDIT knowledge_base/controllers/default.py: 0
[2014-05-16 18:33:47] EDIT knowledge_base/models/db.py: 1
[2014-05-16 18:34:01] EDIT knowledge_base/models/db.py: 0
[2014-05-16 18:34:14] EDIT knowledge_base/models/db.py: -1
[2014-05-16 18:35:03] EDIT knowledge_base/models/db.py: 1
[2014-05-16 18:35:24] EDIT knowledge_base/models/db.py: 0
[2014-05-16 18:35:55] EDIT knowledge_base/models/db.py: 0
[2014-05-16 18:36:45] EDIT knowledge_base/models/db.py: 2
[2014-05-16 18:37:10] EDIT knowledge_base/models/db.py: 0
[2014-05-16 18:37:40] EDIT knowledge_base/controllers/default.py: 3
[2014-05-16 18:38:05] CREATE default/add_attachment.html: 0
[2014-05-16 18:38:23] EDIT knowledge_base/views/default/add_attachment.html: 0
[2014-05-16 18:39:04] EDIT knowledge_base/models/db.py: 0
[2014-05-16 18:41:14] EDIT knowledge_base/models/db.py: 0
[2014-05-16 18:41:30] EDIT knowledge_base/models/db.py: 0
[2014-05-16 18:41:47] EDIT knowledge_base/models/db.py: 0
[2014-05-16 18:51:22] EDIT knowledge_base/models/db.py: 0
[2014-05-16 18:52:36] EDIT knowledge_base/models/db.py: 0
[2014-05-16 18:53:10] EDIT knowledge_base/models/db.py: 0
[2014-05-16 18:53:46] EDIT knowledge_base/models/db.py: 0
[2014-05-16 18:53:47] EDIT knowledge_base/models/db.py: 0
[2014-05-16 18:53:47] EDIT knowledge_base/models/db.py: 0
[2014-05-16 18:55:34] EDIT knowledge_base/models/db.py: 1
[2014-05-16 18:55:50] EDIT knowledge_base/models/db.py: 0
